have_func: checking for fdatasync() in unistd.h... -------------------- no

PATH=".;C:/Ruby33-x64/lib;C:\Ruby33-x64\bin;C:\Ruby33-x64\msys64\ucrt64\bin;C:\Ruby33-x64\msys64\usr\bin;C:\Users\trust\AppData\Local\Programs\Python\Python312\Scripts\;C:\Users\trust\AppData\Local\Programs\Python\Python312\;C:\Program Files\dotnet\;C:\Program Files\Git\cmd;C:\Program Files\NVIDIA Corporation\NVIDIA NvDLISR;C:\Program Files\nodejs\;C:\ProgramData\chocolatey\bin;C:\Ruby33-x64\bin;C:\Ruby32-x64\bin;C:\Users\trust\AppData\Local\Programs\Python\Python311\;C:\Users\trust\AppData\Local\Programs\Python\Python311\Scripts\;C:\Users\trust\AppData\Local\Programs\Python\Python310\Scripts\;C:\Users\trust\AppData\Local\Programs\Python\Python310\;C:\Windows\System32;C:\Users\trust\AppData\Local\Programs\Python\Python312;C:\Users\trust\AppData\Local\Programs\Python\Launcher\;C:\Users\trust\AppData\Local\Microsoft\WindowsApps;C:\Users\trust\AppData\Local\Programs\Microsoft VS Code\bin;C:\Program Files\JetBrains\RubyMine 2024.1.1\bin;;C:\Users\trust\AppData\Local\Google\Cloud SDK\google-cloud-sdk\bin;C:\Users\trust\AppData\Roaming\npm" "gcc -o conftest.exe -IC:/Ruby33-x64/include/ruby-3.3.0/x64-mingw-ucrt -IC:/Ruby33-x64/include/ruby-3.3.0/ruby/backward -IC:/Ruby33-x64/include/ruby-3.3.0 -I. -D__USE_MINGW_ANSI_STDIO=1 -DFD_SETSIZE=2048 -D_WIN32_WINNT=0x0600 -D__MINGW_USE_VC2005_COMPAT -D_FILE_OFFSET_BITS=64  -O3 -fno-fast-math -fstack-protector-strong conftest.c  -L. -LC:/Ruby33-x64/lib -L. -pipe -s -fstack-protector-strong -Wl,--no-as-needed     -lx64-ucrt-ruby330  -lshell32 -lws2_32 -liphlpapi -limagehlp -lshlwapi -lbcrypt  "
checked program was:
/* begin */
1: #include "ruby.h"
2: 
3: #include <winsock2.h>
4: #include <windows.h>
5: int main(int argc, char **argv)
6: {
7:   return !!argv[argc];
8: }
/* end */

PATH=".;C:/Ruby33-x64/lib;C:\Ruby33-x64\bin;C:\Ruby33-x64\msys64\ucrt64\bin;C:\Ruby33-x64\msys64\usr\bin;C:\Users\trust\AppData\Local\Programs\Python\Python312\Scripts\;C:\Users\trust\AppData\Local\Programs\Python\Python312\;C:\Program Files\dotnet\;C:\Program Files\Git\cmd;C:\Program Files\NVIDIA Corporation\NVIDIA NvDLISR;C:\Program Files\nodejs\;C:\ProgramData\chocolatey\bin;C:\Ruby33-x64\bin;C:\Ruby32-x64\bin;C:\Users\trust\AppData\Local\Programs\Python\Python311\;C:\Users\trust\AppData\Local\Programs\Python\Python311\Scripts\;C:\Users\trust\AppData\Local\Programs\Python\Python310\Scripts\;C:\Users\trust\AppData\Local\Programs\Python\Python310\;C:\Windows\System32;C:\Users\trust\AppData\Local\Programs\Python\Python312;C:\Users\trust\AppData\Local\Programs\Python\Launcher\;C:\Users\trust\AppData\Local\Microsoft\WindowsApps;C:\Users\trust\AppData\Local\Programs\Microsoft VS Code\bin;C:\Program Files\JetBrains\RubyMine 2024.1.1\bin;;C:\Users\trust\AppData\Local\Google\Cloud SDK\google-cloud-sdk\bin;C:\Users\trust\AppData\Roaming\npm" "gcc -o conftest.exe -IC:/Ruby33-x64/include/ruby-3.3.0/x64-mingw-ucrt -IC:/Ruby33-x64/include/ruby-3.3.0/ruby/backward -IC:/Ruby33-x64/include/ruby-3.3.0 -I. -D__USE_MINGW_ANSI_STDIO=1 -DFD_SETSIZE=2048 -D_WIN32_WINNT=0x0600 -D__MINGW_USE_VC2005_COMPAT -D_FILE_OFFSET_BITS=64  -O3 -fno-fast-math -fstack-protector-strong conftest.c  -L. -LC:/Ruby33-x64/lib -L. -pipe -s -fstack-protector-strong -Wl,--no-as-needed     -lx64-ucrt-ruby330  -lshell32 -lws2_32 -liphlpapi -limagehlp -lshlwapi -lbcrypt  "
conftest.c: In function 't':
conftest.c:18:57: error: 'fdatasync' undeclared (first use in this function)
   18 | int t(void) { void ((*volatile p)()); p = (void ((*)()))fdatasync; return !p; }
      |                                                         ^~~~~~~~~
conftest.c:18:57: note: each undeclared identifier is reported only once for each function it appears in
checked program was:
/* begin */
 1: #include "ruby.h"
 2: 
 3: #include <winsock2.h>
 4: #include <windows.h>
 5: #include <unistd.h>
 6: 
 7: /*top*/
 8: extern int t(void);
 9: int main(int argc, char **argv)
10: {
11:   if (argc > 1000000) {
12:     int (* volatile tp)(void)=(int (*)(void))&t;
13:     printf("%d", (*tp)());
14:   }
15: 
16:   return !!argv[argc];
17: }
18: int t(void) { void ((*volatile p)()); p = (void ((*)()))fdatasync; return !p; }
/* end */

PATH=".;C:/Ruby33-x64/lib;C:\Ruby33-x64\bin;C:\Ruby33-x64\msys64\ucrt64\bin;C:\Ruby33-x64\msys64\usr\bin;C:\Users\trust\AppData\Local\Programs\Python\Python312\Scripts\;C:\Users\trust\AppData\Local\Programs\Python\Python312\;C:\Program Files\dotnet\;C:\Program Files\Git\cmd;C:\Program Files\NVIDIA Corporation\NVIDIA NvDLISR;C:\Program Files\nodejs\;C:\ProgramData\chocolatey\bin;C:\Ruby33-x64\bin;C:\Ruby32-x64\bin;C:\Users\trust\AppData\Local\Programs\Python\Python311\;C:\Users\trust\AppData\Local\Programs\Python\Python311\Scripts\;C:\Users\trust\AppData\Local\Programs\Python\Python310\Scripts\;C:\Users\trust\AppData\Local\Programs\Python\Python310\;C:\Windows\System32;C:\Users\trust\AppData\Local\Programs\Python\Python312;C:\Users\trust\AppData\Local\Programs\Python\Launcher\;C:\Users\trust\AppData\Local\Microsoft\WindowsApps;C:\Users\trust\AppData\Local\Programs\Microsoft VS Code\bin;C:\Program Files\JetBrains\RubyMine 2024.1.1\bin;;C:\Users\trust\AppData\Local\Google\Cloud SDK\google-cloud-sdk\bin;C:\Users\trust\AppData\Roaming\npm" "gcc -o conftest.exe -IC:/Ruby33-x64/include/ruby-3.3.0/x64-mingw-ucrt -IC:/Ruby33-x64/include/ruby-3.3.0/ruby/backward -IC:/Ruby33-x64/include/ruby-3.3.0 -I. -D__USE_MINGW_ANSI_STDIO=1 -DFD_SETSIZE=2048 -D_WIN32_WINNT=0x0600 -D__MINGW_USE_VC2005_COMPAT -D_FILE_OFFSET_BITS=64  -O3 -fno-fast-math -fstack-protector-strong conftest.c  -L. -LC:/Ruby33-x64/lib -L. -pipe -s -fstack-protector-strong -Wl,--no-as-needed     -lx64-ucrt-ruby330  -lshell32 -lws2_32 -liphlpapi -limagehlp -lshlwapi -lbcrypt  "
C:/Ruby33-x64/msys64/ucrt64/bin/../lib/gcc/x86_64-w64-mingw32/13.2.0/../../../../x86_64-w64-mingw32/bin/ld.exe: C:\Users\trust\AppData\Local\Temp\ccMKpSCy.o:conftest.c:(.text+0x5): undefined reference to `fdatasync'
collect2.exe: error: ld returned 1 exit status
checked program was:
/* begin */
 1: #include "ruby.h"
 2: 
 3: #include <winsock2.h>
 4: #include <windows.h>
 5: #include <unistd.h>
 6: 
 7: /*top*/
 8: extern int t(void);
 9: int main(int argc, char **argv)
10: {
11:   if (argc > 1000000) {
12:     int (* volatile tp)(void)=(int (*)(void))&t;
13:     printf("%d", (*tp)());
14:   }
15: 
16:   return !!argv[argc];
17: }
18: extern void fdatasync();
19: int t(void) { fdatasync(); return 0; }
/* end */

--------------------

append_cflags: checking for whether -O3 is accepted as CFLAGS... -------------------- yes

PATH=".;C:/Ruby33-x64/lib;C:\Ruby33-x64\bin;C:\Ruby33-x64\msys64\ucrt64\bin;C:\Ruby33-x64\msys64\usr\bin;C:\Users\trust\AppData\Local\Programs\Python\Python312\Scripts\;C:\Users\trust\AppData\Local\Programs\Python\Python312\;C:\Program Files\dotnet\;C:\Program Files\Git\cmd;C:\Program Files\NVIDIA Corporation\NVIDIA NvDLISR;C:\Program Files\nodejs\;C:\ProgramData\chocolatey\bin;C:\Ruby33-x64\bin;C:\Ruby32-x64\bin;C:\Users\trust\AppData\Local\Programs\Python\Python311\;C:\Users\trust\AppData\Local\Programs\Python\Python311\Scripts\;C:\Users\trust\AppData\Local\Programs\Python\Python310\Scripts\;C:\Users\trust\AppData\Local\Programs\Python\Python310\;C:\Windows\System32;C:\Users\trust\AppData\Local\Programs\Python\Python312;C:\Users\trust\AppData\Local\Programs\Python\Launcher\;C:\Users\trust\AppData\Local\Microsoft\WindowsApps;C:\Users\trust\AppData\Local\Programs\Microsoft VS Code\bin;C:\Program Files\JetBrains\RubyMine 2024.1.1\bin;;C:\Users\trust\AppData\Local\Google\Cloud SDK\google-cloud-sdk\bin;C:\Users\trust\AppData\Roaming\npm" "gcc -IC:/Ruby33-x64/include/ruby-3.3.0/x64-mingw-ucrt -IC:/Ruby33-x64/include/ruby-3.3.0/ruby/backward -IC:/Ruby33-x64/include/ruby-3.3.0 -I. -D__USE_MINGW_ANSI_STDIO=1 -DFD_SETSIZE=2048 -D_WIN32_WINNT=0x0600 -D__MINGW_USE_VC2005_COMPAT -D_FILE_OFFSET_BITS=64  -O3 -fno-fast-math -fstack-protector-strong  -O3 -Werror -c conftest.c"
checked program was:
/* begin */
1: #include "ruby.h"
2: 
3: #include <winsock2.h>
4: #include <windows.h>
5: int main(int argc, char **argv)
6: {
7:   return !!argv[argc];
8: }
/* end */

--------------------

append_cflags: checking for whether -std=c99 is accepted as CFLAGS... -------------------- yes

PATH=".;C:/Ruby33-x64/lib;C:\Ruby33-x64\bin;C:\Ruby33-x64\msys64\ucrt64\bin;C:\Ruby33-x64\msys64\usr\bin;C:\Users\trust\AppData\Local\Programs\Python\Python312\Scripts\;C:\Users\trust\AppData\Local\Programs\Python\Python312\;C:\Program Files\dotnet\;C:\Program Files\Git\cmd;C:\Program Files\NVIDIA Corporation\NVIDIA NvDLISR;C:\Program Files\nodejs\;C:\ProgramData\chocolatey\bin;C:\Ruby33-x64\bin;C:\Ruby32-x64\bin;C:\Users\trust\AppData\Local\Programs\Python\Python311\;C:\Users\trust\AppData\Local\Programs\Python\Python311\Scripts\;C:\Users\trust\AppData\Local\Programs\Python\Python310\Scripts\;C:\Users\trust\AppData\Local\Programs\Python\Python310\;C:\Windows\System32;C:\Users\trust\AppData\Local\Programs\Python\Python312;C:\Users\trust\AppData\Local\Programs\Python\Launcher\;C:\Users\trust\AppData\Local\Microsoft\WindowsApps;C:\Users\trust\AppData\Local\Programs\Microsoft VS Code\bin;C:\Program Files\JetBrains\RubyMine 2024.1.1\bin;;C:\Users\trust\AppData\Local\Google\Cloud SDK\google-cloud-sdk\bin;C:\Users\trust\AppData\Roaming\npm" "gcc -IC:/Ruby33-x64/include/ruby-3.3.0/x64-mingw-ucrt -IC:/Ruby33-x64/include/ruby-3.3.0/ruby/backward -IC:/Ruby33-x64/include/ruby-3.3.0 -I. -D__USE_MINGW_ANSI_STDIO=1 -DFD_SETSIZE=2048 -D_WIN32_WINNT=0x0600 -D__MINGW_USE_VC2005_COMPAT -D_FILE_OFFSET_BITS=64  -O3 -fno-fast-math -fstack-protector-strong -O3  -std=c99 -Werror -c conftest.c"
checked program was:
/* begin */
1: #include "ruby.h"
2: 
3: #include <winsock2.h>
4: #include <windows.h>
5: int main(int argc, char **argv)
6: {
7:   return !!argv[argc];
8: }
/* end */

--------------------

