find_executable: checking for pg_config... -------------------- yes

--------------------

append_ldflags: checking for whether -Wl,-rpath,C:/RUBY33~1/msys64/ucrt64/bin is accepted as LDFLAGS... -------------------- yes

PATH=".;C:/Ruby33-x64/lib;C:\Ruby33-x64\bin;C:\Ruby33-x64\msys64\ucrt64\bin;C:\Ruby33-x64\msys64\usr\bin;C:\Users\trust\AppData\Local\Programs\Python\Python312\Scripts\;C:\Users\trust\AppData\Local\Programs\Python\Python312\;C:\Program Files\dotnet\;C:\Program Files\Git\cmd;C:\Program Files\NVIDIA Corporation\NVIDIA NvDLISR;C:\Program Files\nodejs\;C:\ProgramData\chocolatey\bin;C:\Ruby33-x64\bin;C:\Ruby32-x64\bin;C:\Users\trust\AppData\Local\Programs\Python\Python311\;C:\Users\trust\AppData\Local\Programs\Python\Python311\Scripts\;C:\Users\trust\AppData\Local\Programs\Python\Python310\Scripts\;C:\Users\trust\AppData\Local\Programs\Python\Python310\;C:\Windows\System32;C:\Users\trust\AppData\Local\Programs\Python\Python312;C:\Users\trust\AppData\Local\Programs\Python\Launcher\;C:\Users\trust\AppData\Local\Microsoft\WindowsApps;C:\Users\trust\AppData\Local\Programs\Microsoft VS Code\bin;C:\Program Files\JetBrains\RubyMine 2024.1.1\bin;;C:\Users\trust\AppData\Local\Google\Cloud SDK\google-cloud-sdk\bin;C:\Users\trust\AppData\Roaming\npm" "gcc -o conftest.exe -IC:/Ruby33-x64/include/ruby-3.3.0/x64-mingw-ucrt -IC:/Ruby33-x64/include/ruby-3.3.0/ruby/backward -IC:/Ruby33-x64/include/ruby-3.3.0 -I. -IC:/RUBY33~1/msys64/ucrt64/include -D__USE_MINGW_ANSI_STDIO=1 -DFD_SETSIZE=2048 -D_WIN32_WINNT=0x0600 -D__MINGW_USE_VC2005_COMPAT -D_FILE_OFFSET_BITS=64  -O3 -fno-fast-math -fstack-protector-strong conftest.c  -L. -LC:/Ruby33-x64/lib -LC:/RUBY33~1/msys64/ucrt64/lib -L. -pipe -s -fstack-protector-strong -Wl,--no-as-needed     -lx64-ucrt-ruby330  -lshell32 -lws2_32 -liphlpapi -limagehlp -lshlwapi -lbcrypt  "
checked program was:
/* begin */
1: #include "ruby.h"
2: 
3: #include <winsock2.h>
4: #include <windows.h>
5: int main(int argc, char **argv)
6: {
7:   return !!argv[argc];
8: }
/* end */

PATH=".;C:/Ruby33-x64/lib;C:\Ruby33-x64\bin;C:\Ruby33-x64\msys64\ucrt64\bin;C:\Ruby33-x64\msys64\usr\bin;C:\Users\trust\AppData\Local\Programs\Python\Python312\Scripts\;C:\Users\trust\AppData\Local\Programs\Python\Python312\;C:\Program Files\dotnet\;C:\Program Files\Git\cmd;C:\Program Files\NVIDIA Corporation\NVIDIA NvDLISR;C:\Program Files\nodejs\;C:\ProgramData\chocolatey\bin;C:\Ruby33-x64\bin;C:\Ruby32-x64\bin;C:\Users\trust\AppData\Local\Programs\Python\Python311\;C:\Users\trust\AppData\Local\Programs\Python\Python311\Scripts\;C:\Users\trust\AppData\Local\Programs\Python\Python310\Scripts\;C:\Users\trust\AppData\Local\Programs\Python\Python310\;C:\Windows\System32;C:\Users\trust\AppData\Local\Programs\Python\Python312;C:\Users\trust\AppData\Local\Programs\Python\Launcher\;C:\Users\trust\AppData\Local\Microsoft\WindowsApps;C:\Users\trust\AppData\Local\Programs\Microsoft VS Code\bin;C:\Program Files\JetBrains\RubyMine 2024.1.1\bin;;C:\Users\trust\AppData\Local\Google\Cloud SDK\google-cloud-sdk\bin;C:\Users\trust\AppData\Roaming\npm" "gcc -o conftest.exe -IC:/Ruby33-x64/include/ruby-3.3.0/x64-mingw-ucrt -IC:/Ruby33-x64/include/ruby-3.3.0/ruby/backward -IC:/Ruby33-x64/include/ruby-3.3.0 -I. -IC:/RUBY33~1/msys64/ucrt64/include -D__USE_MINGW_ANSI_STDIO=1 -DFD_SETSIZE=2048 -D_WIN32_WINNT=0x0600 -D__MINGW_USE_VC2005_COMPAT -D_FILE_OFFSET_BITS=64  -O3 -fno-fast-math -fstack-protector-strong conftest.c  -L. -LC:/Ruby33-x64/lib -LC:/RUBY33~1/msys64/ucrt64/lib -L. -pipe -s -fstack-protector-strong -Wl,--no-as-needed     -lx64-ucrt-ruby330 -Wl,-rpath,C:/RUBY33~1/msys64/ucrt64/bin -lshell32 -lws2_32 -liphlpapi -limagehlp -lshlwapi -lbcrypt  "
checked program was:
/* begin */
1: #include "ruby.h"
2: 
3: #include <winsock2.h>
4: #include <windows.h>
5: int main(int argc, char **argv)
6: {
7:   return !!argv[argc];
8: }
/* end */

--------------------

find_header: checking for libpq-fe.h... -------------------- yes

PATH=".;C:/Ruby33-x64/lib;C:\Ruby33-x64\bin;C:\Ruby33-x64\msys64\ucrt64\bin;C:\Ruby33-x64\msys64\usr\bin;C:\Users\trust\AppData\Local\Programs\Python\Python312\Scripts\;C:\Users\trust\AppData\Local\Programs\Python\Python312\;C:\Program Files\dotnet\;C:\Program Files\Git\cmd;C:\Program Files\NVIDIA Corporation\NVIDIA NvDLISR;C:\Program Files\nodejs\;C:\ProgramData\chocolatey\bin;C:\Ruby33-x64\bin;C:\Ruby32-x64\bin;C:\Users\trust\AppData\Local\Programs\Python\Python311\;C:\Users\trust\AppData\Local\Programs\Python\Python311\Scripts\;C:\Users\trust\AppData\Local\Programs\Python\Python310\Scripts\;C:\Users\trust\AppData\Local\Programs\Python\Python310\;C:\Windows\System32;C:\Users\trust\AppData\Local\Programs\Python\Python312;C:\Users\trust\AppData\Local\Programs\Python\Launcher\;C:\Users\trust\AppData\Local\Microsoft\WindowsApps;C:\Users\trust\AppData\Local\Programs\Microsoft VS Code\bin;C:\Program Files\JetBrains\RubyMine 2024.1.1\bin;;C:\Users\trust\AppData\Local\Google\Cloud SDK\google-cloud-sdk\bin;C:\Users\trust\AppData\Roaming\npm" "gcc -IC:/Ruby33-x64/include/ruby-3.3.0/x64-mingw-ucrt -IC:/Ruby33-x64/include/ruby-3.3.0/ruby/backward -IC:/Ruby33-x64/include/ruby-3.3.0 -I. -IC:/RUBY33~1/msys64/ucrt64/include -D__USE_MINGW_ANSI_STDIO=1 -DFD_SETSIZE=2048 -D_WIN32_WINNT=0x0600 -D__MINGW_USE_VC2005_COMPAT -D_FILE_OFFSET_BITS=64  -O3 -fno-fast-math -fstack-protector-strong   -c conftest.c"
checked program was:
/* begin */
1: #include "ruby.h"
2: 
3: #include <winsock2.h>
4: #include <windows.h>
5: #include <libpq-fe.h>
/* end */

--------------------

find_header: checking for libpq/libpq-fs.h... -------------------- yes

PATH=".;C:/Ruby33-x64/lib;C:\Ruby33-x64\bin;C:\Ruby33-x64\msys64\ucrt64\bin;C:\Ruby33-x64\msys64\usr\bin;C:\Users\trust\AppData\Local\Programs\Python\Python312\Scripts\;C:\Users\trust\AppData\Local\Programs\Python\Python312\;C:\Program Files\dotnet\;C:\Program Files\Git\cmd;C:\Program Files\NVIDIA Corporation\NVIDIA NvDLISR;C:\Program Files\nodejs\;C:\ProgramData\chocolatey\bin;C:\Ruby33-x64\bin;C:\Ruby32-x64\bin;C:\Users\trust\AppData\Local\Programs\Python\Python311\;C:\Users\trust\AppData\Local\Programs\Python\Python311\Scripts\;C:\Users\trust\AppData\Local\Programs\Python\Python310\Scripts\;C:\Users\trust\AppData\Local\Programs\Python\Python310\;C:\Windows\System32;C:\Users\trust\AppData\Local\Programs\Python\Python312;C:\Users\trust\AppData\Local\Programs\Python\Launcher\;C:\Users\trust\AppData\Local\Microsoft\WindowsApps;C:\Users\trust\AppData\Local\Programs\Microsoft VS Code\bin;C:\Program Files\JetBrains\RubyMine 2024.1.1\bin;;C:\Users\trust\AppData\Local\Google\Cloud SDK\google-cloud-sdk\bin;C:\Users\trust\AppData\Roaming\npm" "gcc -IC:/Ruby33-x64/include/ruby-3.3.0/x64-mingw-ucrt -IC:/Ruby33-x64/include/ruby-3.3.0/ruby/backward -IC:/Ruby33-x64/include/ruby-3.3.0 -I. -IC:/RUBY33~1/msys64/ucrt64/include -D__USE_MINGW_ANSI_STDIO=1 -DFD_SETSIZE=2048 -D_WIN32_WINNT=0x0600 -D__MINGW_USE_VC2005_COMPAT -D_FILE_OFFSET_BITS=64  -O3 -fno-fast-math -fstack-protector-strong   -c conftest.c"
checked program was:
/* begin */
1: #include "ruby.h"
2: 
3: #include <winsock2.h>
4: #include <windows.h>
5: #include <libpq/libpq-fs.h>
/* end */

--------------------

find_header: checking for pg_config_manual.h... -------------------- yes

PATH=".;C:/Ruby33-x64/lib;C:\Ruby33-x64\bin;C:\Ruby33-x64\msys64\ucrt64\bin;C:\Ruby33-x64\msys64\usr\bin;C:\Users\trust\AppData\Local\Programs\Python\Python312\Scripts\;C:\Users\trust\AppData\Local\Programs\Python\Python312\;C:\Program Files\dotnet\;C:\Program Files\Git\cmd;C:\Program Files\NVIDIA Corporation\NVIDIA NvDLISR;C:\Program Files\nodejs\;C:\ProgramData\chocolatey\bin;C:\Ruby33-x64\bin;C:\Ruby32-x64\bin;C:\Users\trust\AppData\Local\Programs\Python\Python311\;C:\Users\trust\AppData\Local\Programs\Python\Python311\Scripts\;C:\Users\trust\AppData\Local\Programs\Python\Python310\Scripts\;C:\Users\trust\AppData\Local\Programs\Python\Python310\;C:\Windows\System32;C:\Users\trust\AppData\Local\Programs\Python\Python312;C:\Users\trust\AppData\Local\Programs\Python\Launcher\;C:\Users\trust\AppData\Local\Microsoft\WindowsApps;C:\Users\trust\AppData\Local\Programs\Microsoft VS Code\bin;C:\Program Files\JetBrains\RubyMine 2024.1.1\bin;;C:\Users\trust\AppData\Local\Google\Cloud SDK\google-cloud-sdk\bin;C:\Users\trust\AppData\Roaming\npm" "gcc -IC:/Ruby33-x64/include/ruby-3.3.0/x64-mingw-ucrt -IC:/Ruby33-x64/include/ruby-3.3.0/ruby/backward -IC:/Ruby33-x64/include/ruby-3.3.0 -I. -IC:/RUBY33~1/msys64/ucrt64/include -D__USE_MINGW_ANSI_STDIO=1 -DFD_SETSIZE=2048 -D_WIN32_WINNT=0x0600 -D__MINGW_USE_VC2005_COMPAT -D_FILE_OFFSET_BITS=64  -O3 -fno-fast-math -fstack-protector-strong   -c conftest.c"
checked program was:
/* begin */
1: #include "ruby.h"
2: 
3: #include <winsock2.h>
4: #include <windows.h>
5: #include <pg_config_manual.h>
/* end */

--------------------

have_library: checking for PQconnectdb() in -lpq... -------------------- yes

PATH=".;C:/Ruby33-x64/lib;C:\Ruby33-x64\bin;C:\Ruby33-x64\msys64\ucrt64\bin;C:\Ruby33-x64\msys64\usr\bin;C:\Users\trust\AppData\Local\Programs\Python\Python312\Scripts\;C:\Users\trust\AppData\Local\Programs\Python\Python312\;C:\Program Files\dotnet\;C:\Program Files\Git\cmd;C:\Program Files\NVIDIA Corporation\NVIDIA NvDLISR;C:\Program Files\nodejs\;C:\ProgramData\chocolatey\bin;C:\Ruby33-x64\bin;C:\Ruby32-x64\bin;C:\Users\trust\AppData\Local\Programs\Python\Python311\;C:\Users\trust\AppData\Local\Programs\Python\Python311\Scripts\;C:\Users\trust\AppData\Local\Programs\Python\Python310\Scripts\;C:\Users\trust\AppData\Local\Programs\Python\Python310\;C:\Windows\System32;C:\Users\trust\AppData\Local\Programs\Python\Python312;C:\Users\trust\AppData\Local\Programs\Python\Launcher\;C:\Users\trust\AppData\Local\Microsoft\WindowsApps;C:\Users\trust\AppData\Local\Programs\Microsoft VS Code\bin;C:\Program Files\JetBrains\RubyMine 2024.1.1\bin;;C:\Users\trust\AppData\Local\Google\Cloud SDK\google-cloud-sdk\bin;C:\Users\trust\AppData\Roaming\npm" "gcc -o conftest.exe -IC:/Ruby33-x64/include/ruby-3.3.0/x64-mingw-ucrt -IC:/Ruby33-x64/include/ruby-3.3.0/ruby/backward -IC:/Ruby33-x64/include/ruby-3.3.0 -I. -IC:/RUBY33~1/msys64/ucrt64/include -D__USE_MINGW_ANSI_STDIO=1 -DFD_SETSIZE=2048 -D_WIN32_WINNT=0x0600 -D__MINGW_USE_VC2005_COMPAT -D_FILE_OFFSET_BITS=64  -O3 -fno-fast-math -fstack-protector-strong conftest.c  -L. -LC:/Ruby33-x64/lib -LC:/RUBY33~1/msys64/ucrt64/lib -L. -pipe -s -fstack-protector-strong -Wl,--no-as-needed -Wl,-rpath,C:/RUBY33~1/msys64/ucrt64/bin     -lx64-ucrt-ruby330 -lpq  -lshell32 -lws2_32 -liphlpapi -limagehlp -lshlwapi -lbcrypt  "
checked program was:
/* begin */
 1: #include "ruby.h"
 2: 
 3: #include <winsock2.h>
 4: #include <windows.h>
 5: #include <libpq-fe.h>
 6: 
 7: /*top*/
 8: extern int t(void);
 9: int main(int argc, char **argv)
10: {
11:   if (argc > 1000000) {
12:     int (* volatile tp)(void)=(int (*)(void))&t;
13:     printf("%d", (*tp)());
14:   }
15: 
16:   return !!argv[argc];
17: }
18: int t(void) { void ((*volatile p)()); p = (void ((*)()))PQconnectdb; return !p; }
/* end */

--------------------

no
checking for workaround gcc version with link issue... -------------------- no

checking for -l:libpq.lib... have_library: checking for -l:libpq.lib... -------------------- no

PATH=".;C:/Ruby33-x64/lib;C:\Ruby33-x64\bin;C:\Ruby33-x64\msys64\ucrt64\bin;C:\Ruby33-x64\msys64\usr\bin;C:\Users\trust\AppData\Local\Programs\Python\Python312\Scripts\;C:\Users\trust\AppData\Local\Programs\Python\Python312\;C:\Program Files\dotnet\;C:\Program Files\Git\cmd;C:\Program Files\NVIDIA Corporation\NVIDIA NvDLISR;C:\Program Files\nodejs\;C:\ProgramData\chocolatey\bin;C:\Ruby33-x64\bin;C:\Ruby32-x64\bin;C:\Users\trust\AppData\Local\Programs\Python\Python311\;C:\Users\trust\AppData\Local\Programs\Python\Python311\Scripts\;C:\Users\trust\AppData\Local\Programs\Python\Python310\Scripts\;C:\Users\trust\AppData\Local\Programs\Python\Python310\;C:\Windows\System32;C:\Users\trust\AppData\Local\Programs\Python\Python312;C:\Users\trust\AppData\Local\Programs\Python\Launcher\;C:\Users\trust\AppData\Local\Microsoft\WindowsApps;C:\Users\trust\AppData\Local\Programs\Microsoft VS Code\bin;C:\Program Files\JetBrains\RubyMine 2024.1.1\bin;;C:\Users\trust\AppData\Local\Google\Cloud SDK\google-cloud-sdk\bin;C:\Users\trust\AppData\Roaming\npm" "gcc -o conftest.exe -IC:/Ruby33-x64/include/ruby-3.3.0/x64-mingw-ucrt -IC:/Ruby33-x64/include/ruby-3.3.0/ruby/backward -IC:/Ruby33-x64/include/ruby-3.3.0 -I. -IC:/RUBY33~1/msys64/ucrt64/include -D__USE_MINGW_ANSI_STDIO=1 -DFD_SETSIZE=2048 -D_WIN32_WINNT=0x0600 -D__MINGW_USE_VC2005_COMPAT -D_FILE_OFFSET_BITS=64  -O3 -fno-fast-math -fstack-protector-strong conftest.c  -L. -LC:/Ruby33-x64/lib -LC:/RUBY33~1/msys64/ucrt64/lib -L. -pipe -s -fstack-protector-strong -Wl,--no-as-needed -Wl,-rpath,C:/RUBY33~1/msys64/ucrt64/bin    -lpq  -lx64-ucrt-ruby330 -l:libpq.lib -lpq  -lshell32 -lws2_32 -liphlpapi -limagehlp -lshlwapi -lbcrypt  "
C:/Ruby33-x64/msys64/ucrt64/bin/../lib/gcc/x86_64-w64-mingw32/13.2.0/../../../../x86_64-w64-mingw32/bin/ld.exe: cannot find -l:libpq.lib: No such file or directory
collect2.exe: error: ld returned 1 exit status
checked program was:
/* begin */
 1: #include "ruby.h"
 2: 
 3: #include <winsock2.h>
 4: #include <windows.h>
 5: 
 6: /*top*/
 7: extern int t(void);
 8: int main(int argc, char **argv)
 9: {
10:   if (argc > 1000000) {
11:     int (* volatile tp)(void)=(int (*)(void))&t;
12:     printf("%d", (*tp)());
13:   }
14: 
15:   return !!argv[argc];
16: }
17: 
18: int t(void) { ; return 0; }
/* end */

--------------------

--------------------

have_func: checking for PQconninfo() in libpq-fe.h... -------------------- yes

PATH=".;C:/Ruby33-x64/lib;C:\Ruby33-x64\bin;C:\Ruby33-x64\msys64\ucrt64\bin;C:\Ruby33-x64\msys64\usr\bin;C:\Users\trust\AppData\Local\Programs\Python\Python312\Scripts\;C:\Users\trust\AppData\Local\Programs\Python\Python312\;C:\Program Files\dotnet\;C:\Program Files\Git\cmd;C:\Program Files\NVIDIA Corporation\NVIDIA NvDLISR;C:\Program Files\nodejs\;C:\ProgramData\chocolatey\bin;C:\Ruby33-x64\bin;C:\Ruby32-x64\bin;C:\Users\trust\AppData\Local\Programs\Python\Python311\;C:\Users\trust\AppData\Local\Programs\Python\Python311\Scripts\;C:\Users\trust\AppData\Local\Programs\Python\Python310\Scripts\;C:\Users\trust\AppData\Local\Programs\Python\Python310\;C:\Windows\System32;C:\Users\trust\AppData\Local\Programs\Python\Python312;C:\Users\trust\AppData\Local\Programs\Python\Launcher\;C:\Users\trust\AppData\Local\Microsoft\WindowsApps;C:\Users\trust\AppData\Local\Programs\Microsoft VS Code\bin;C:\Program Files\JetBrains\RubyMine 2024.1.1\bin;;C:\Users\trust\AppData\Local\Google\Cloud SDK\google-cloud-sdk\bin;C:\Users\trust\AppData\Roaming\npm" "gcc -o conftest.exe -IC:/Ruby33-x64/include/ruby-3.3.0/x64-mingw-ucrt -IC:/Ruby33-x64/include/ruby-3.3.0/ruby/backward -IC:/Ruby33-x64/include/ruby-3.3.0 -I. -IC:/RUBY33~1/msys64/ucrt64/include -D__USE_MINGW_ANSI_STDIO=1 -DFD_SETSIZE=2048 -D_WIN32_WINNT=0x0600 -D__MINGW_USE_VC2005_COMPAT -D_FILE_OFFSET_BITS=64  -O3 -fno-fast-math -fstack-protector-strong conftest.c  -L. -LC:/Ruby33-x64/lib -LC:/RUBY33~1/msys64/ucrt64/lib -L. -pipe -s -fstack-protector-strong -Wl,--no-as-needed -Wl,-rpath,C:/RUBY33~1/msys64/ucrt64/bin    -lpq  -lx64-ucrt-ruby330 -lpq  -lshell32 -lws2_32 -liphlpapi -limagehlp -lshlwapi -lbcrypt  "
checked program was:
/* begin */
 1: #include "ruby.h"
 2: 
 3: #include <winsock2.h>
 4: #include <windows.h>
 5: #include <libpq-fe.h>
 6: 
 7: /*top*/
 8: extern int t(void);
 9: int main(int argc, char **argv)
10: {
11:   if (argc > 1000000) {
12:     int (* volatile tp)(void)=(int (*)(void))&t;
13:     printf("%d", (*tp)());
14:   }
15: 
16:   return !!argv[argc];
17: }
18: int t(void) { void ((*volatile p)()); p = (void ((*)()))PQconninfo; return !p; }
/* end */

--------------------

have_func: checking for PQsslAttribute() in libpq-fe.h... -------------------- yes

PATH=".;C:/Ruby33-x64/lib;C:\Ruby33-x64\bin;C:\Ruby33-x64\msys64\ucrt64\bin;C:\Ruby33-x64\msys64\usr\bin;C:\Users\trust\AppData\Local\Programs\Python\Python312\Scripts\;C:\Users\trust\AppData\Local\Programs\Python\Python312\;C:\Program Files\dotnet\;C:\Program Files\Git\cmd;C:\Program Files\NVIDIA Corporation\NVIDIA NvDLISR;C:\Program Files\nodejs\;C:\ProgramData\chocolatey\bin;C:\Ruby33-x64\bin;C:\Ruby32-x64\bin;C:\Users\trust\AppData\Local\Programs\Python\Python311\;C:\Users\trust\AppData\Local\Programs\Python\Python311\Scripts\;C:\Users\trust\AppData\Local\Programs\Python\Python310\Scripts\;C:\Users\trust\AppData\Local\Programs\Python\Python310\;C:\Windows\System32;C:\Users\trust\AppData\Local\Programs\Python\Python312;C:\Users\trust\AppData\Local\Programs\Python\Launcher\;C:\Users\trust\AppData\Local\Microsoft\WindowsApps;C:\Users\trust\AppData\Local\Programs\Microsoft VS Code\bin;C:\Program Files\JetBrains\RubyMine 2024.1.1\bin;;C:\Users\trust\AppData\Local\Google\Cloud SDK\google-cloud-sdk\bin;C:\Users\trust\AppData\Roaming\npm" "gcc -o conftest.exe -IC:/Ruby33-x64/include/ruby-3.3.0/x64-mingw-ucrt -IC:/Ruby33-x64/include/ruby-3.3.0/ruby/backward -IC:/Ruby33-x64/include/ruby-3.3.0 -I. -IC:/RUBY33~1/msys64/ucrt64/include -D__USE_MINGW_ANSI_STDIO=1 -DFD_SETSIZE=2048 -D_WIN32_WINNT=0x0600 -D__MINGW_USE_VC2005_COMPAT -D_FILE_OFFSET_BITS=64  -O3 -fno-fast-math -fstack-protector-strong conftest.c  -L. -LC:/Ruby33-x64/lib -LC:/RUBY33~1/msys64/ucrt64/lib -L. -pipe -s -fstack-protector-strong -Wl,--no-as-needed -Wl,-rpath,C:/RUBY33~1/msys64/ucrt64/bin    -lpq  -lx64-ucrt-ruby330 -lpq  -lshell32 -lws2_32 -liphlpapi -limagehlp -lshlwapi -lbcrypt  "
checked program was:
/* begin */
 1: #include "ruby.h"
 2: 
 3: #include <winsock2.h>
 4: #include <windows.h>
 5: #include <libpq-fe.h>
 6: 
 7: /*top*/
 8: extern int t(void);
 9: int main(int argc, char **argv)
10: {
11:   if (argc > 1000000) {
12:     int (* volatile tp)(void)=(int (*)(void))&t;
13:     printf("%d", (*tp)());
14:   }
15: 
16:   return !!argv[argc];
17: }
18: int t(void) { void ((*volatile p)()); p = (void ((*)()))PQsslAttribute; return !p; }
/* end */

--------------------

have_func: checking for PQresultVerboseErrorMessage() in libpq-fe.h... -------------------- yes

PATH=".;C:/Ruby33-x64/lib;C:\Ruby33-x64\bin;C:\Ruby33-x64\msys64\ucrt64\bin;C:\Ruby33-x64\msys64\usr\bin;C:\Users\trust\AppData\Local\Programs\Python\Python312\Scripts\;C:\Users\trust\AppData\Local\Programs\Python\Python312\;C:\Program Files\dotnet\;C:\Program Files\Git\cmd;C:\Program Files\NVIDIA Corporation\NVIDIA NvDLISR;C:\Program Files\nodejs\;C:\ProgramData\chocolatey\bin;C:\Ruby33-x64\bin;C:\Ruby32-x64\bin;C:\Users\trust\AppData\Local\Programs\Python\Python311\;C:\Users\trust\AppData\Local\Programs\Python\Python311\Scripts\;C:\Users\trust\AppData\Local\Programs\Python\Python310\Scripts\;C:\Users\trust\AppData\Local\Programs\Python\Python310\;C:\Windows\System32;C:\Users\trust\AppData\Local\Programs\Python\Python312;C:\Users\trust\AppData\Local\Programs\Python\Launcher\;C:\Users\trust\AppData\Local\Microsoft\WindowsApps;C:\Users\trust\AppData\Local\Programs\Microsoft VS Code\bin;C:\Program Files\JetBrains\RubyMine 2024.1.1\bin;;C:\Users\trust\AppData\Local\Google\Cloud SDK\google-cloud-sdk\bin;C:\Users\trust\AppData\Roaming\npm" "gcc -o conftest.exe -IC:/Ruby33-x64/include/ruby-3.3.0/x64-mingw-ucrt -IC:/Ruby33-x64/include/ruby-3.3.0/ruby/backward -IC:/Ruby33-x64/include/ruby-3.3.0 -I. -IC:/RUBY33~1/msys64/ucrt64/include -D__USE_MINGW_ANSI_STDIO=1 -DFD_SETSIZE=2048 -D_WIN32_WINNT=0x0600 -D__MINGW_USE_VC2005_COMPAT -D_FILE_OFFSET_BITS=64  -O3 -fno-fast-math -fstack-protector-strong conftest.c  -L. -LC:/Ruby33-x64/lib -LC:/RUBY33~1/msys64/ucrt64/lib -L. -pipe -s -fstack-protector-strong -Wl,--no-as-needed -Wl,-rpath,C:/RUBY33~1/msys64/ucrt64/bin    -lpq  -lx64-ucrt-ruby330 -lpq  -lshell32 -lws2_32 -liphlpapi -limagehlp -lshlwapi -lbcrypt  "
checked program was:
/* begin */
 1: #include "ruby.h"
 2: 
 3: #include <winsock2.h>
 4: #include <windows.h>
 5: #include <libpq-fe.h>
 6: 
 7: /*top*/
 8: extern int t(void);
 9: int main(int argc, char **argv)
10: {
11:   if (argc > 1000000) {
12:     int (* volatile tp)(void)=(int (*)(void))&t;
13:     printf("%d", (*tp)());
14:   }
15: 
16:   return !!argv[argc];
17: }
18: int t(void) { void ((*volatile p)()); p = (void ((*)()))PQresultVerboseErrorMessage; return !p; }
/* end */

--------------------

have_func: checking for PQencryptPasswordConn() in libpq-fe.h... -------------------- yes

PATH=".;C:/Ruby33-x64/lib;C:\Ruby33-x64\bin;C:\Ruby33-x64\msys64\ucrt64\bin;C:\Ruby33-x64\msys64\usr\bin;C:\Users\trust\AppData\Local\Programs\Python\Python312\Scripts\;C:\Users\trust\AppData\Local\Programs\Python\Python312\;C:\Program Files\dotnet\;C:\Program Files\Git\cmd;C:\Program Files\NVIDIA Corporation\NVIDIA NvDLISR;C:\Program Files\nodejs\;C:\ProgramData\chocolatey\bin;C:\Ruby33-x64\bin;C:\Ruby32-x64\bin;C:\Users\trust\AppData\Local\Programs\Python\Python311\;C:\Users\trust\AppData\Local\Programs\Python\Python311\Scripts\;C:\Users\trust\AppData\Local\Programs\Python\Python310\Scripts\;C:\Users\trust\AppData\Local\Programs\Python\Python310\;C:\Windows\System32;C:\Users\trust\AppData\Local\Programs\Python\Python312;C:\Users\trust\AppData\Local\Programs\Python\Launcher\;C:\Users\trust\AppData\Local\Microsoft\WindowsApps;C:\Users\trust\AppData\Local\Programs\Microsoft VS Code\bin;C:\Program Files\JetBrains\RubyMine 2024.1.1\bin;;C:\Users\trust\AppData\Local\Google\Cloud SDK\google-cloud-sdk\bin;C:\Users\trust\AppData\Roaming\npm" "gcc -o conftest.exe -IC:/Ruby33-x64/include/ruby-3.3.0/x64-mingw-ucrt -IC:/Ruby33-x64/include/ruby-3.3.0/ruby/backward -IC:/Ruby33-x64/include/ruby-3.3.0 -I. -IC:/RUBY33~1/msys64/ucrt64/include -D__USE_MINGW_ANSI_STDIO=1 -DFD_SETSIZE=2048 -D_WIN32_WINNT=0x0600 -D__MINGW_USE_VC2005_COMPAT -D_FILE_OFFSET_BITS=64  -O3 -fno-fast-math -fstack-protector-strong conftest.c  -L. -LC:/Ruby33-x64/lib -LC:/RUBY33~1/msys64/ucrt64/lib -L. -pipe -s -fstack-protector-strong -Wl,--no-as-needed -Wl,-rpath,C:/RUBY33~1/msys64/ucrt64/bin    -lpq  -lx64-ucrt-ruby330 -lpq  -lshell32 -lws2_32 -liphlpapi -limagehlp -lshlwapi -lbcrypt  "
checked program was:
/* begin */
 1: #include "ruby.h"
 2: 
 3: #include <winsock2.h>
 4: #include <windows.h>
 5: #include <libpq-fe.h>
 6: 
 7: /*top*/
 8: extern int t(void);
 9: int main(int argc, char **argv)
10: {
11:   if (argc > 1000000) {
12:     int (* volatile tp)(void)=(int (*)(void))&t;
13:     printf("%d", (*tp)());
14:   }
15: 
16:   return !!argv[argc];
17: }
18: int t(void) { void ((*volatile p)()); p = (void ((*)()))PQencryptPasswordConn; return !p; }
/* end */

--------------------

have_func: checking for PQresultMemorySize() in libpq-fe.h... -------------------- yes

PATH=".;C:/Ruby33-x64/lib;C:\Ruby33-x64\bin;C:\Ruby33-x64\msys64\ucrt64\bin;C:\Ruby33-x64\msys64\usr\bin;C:\Users\trust\AppData\Local\Programs\Python\Python312\Scripts\;C:\Users\trust\AppData\Local\Programs\Python\Python312\;C:\Program Files\dotnet\;C:\Program Files\Git\cmd;C:\Program Files\NVIDIA Corporation\NVIDIA NvDLISR;C:\Program Files\nodejs\;C:\ProgramData\chocolatey\bin;C:\Ruby33-x64\bin;C:\Ruby32-x64\bin;C:\Users\trust\AppData\Local\Programs\Python\Python311\;C:\Users\trust\AppData\Local\Programs\Python\Python311\Scripts\;C:\Users\trust\AppData\Local\Programs\Python\Python310\Scripts\;C:\Users\trust\AppData\Local\Programs\Python\Python310\;C:\Windows\System32;C:\Users\trust\AppData\Local\Programs\Python\Python312;C:\Users\trust\AppData\Local\Programs\Python\Launcher\;C:\Users\trust\AppData\Local\Microsoft\WindowsApps;C:\Users\trust\AppData\Local\Programs\Microsoft VS Code\bin;C:\Program Files\JetBrains\RubyMine 2024.1.1\bin;;C:\Users\trust\AppData\Local\Google\Cloud SDK\google-cloud-sdk\bin;C:\Users\trust\AppData\Roaming\npm" "gcc -o conftest.exe -IC:/Ruby33-x64/include/ruby-3.3.0/x64-mingw-ucrt -IC:/Ruby33-x64/include/ruby-3.3.0/ruby/backward -IC:/Ruby33-x64/include/ruby-3.3.0 -I. -IC:/RUBY33~1/msys64/ucrt64/include -D__USE_MINGW_ANSI_STDIO=1 -DFD_SETSIZE=2048 -D_WIN32_WINNT=0x0600 -D__MINGW_USE_VC2005_COMPAT -D_FILE_OFFSET_BITS=64  -O3 -fno-fast-math -fstack-protector-strong conftest.c  -L. -LC:/Ruby33-x64/lib -LC:/RUBY33~1/msys64/ucrt64/lib -L. -pipe -s -fstack-protector-strong -Wl,--no-as-needed -Wl,-rpath,C:/RUBY33~1/msys64/ucrt64/bin    -lpq  -lx64-ucrt-ruby330 -lpq  -lshell32 -lws2_32 -liphlpapi -limagehlp -lshlwapi -lbcrypt  "
checked program was:
/* begin */
 1: #include "ruby.h"
 2: 
 3: #include <winsock2.h>
 4: #include <windows.h>
 5: #include <libpq-fe.h>
 6: 
 7: /*top*/
 8: extern int t(void);
 9: int main(int argc, char **argv)
10: {
11:   if (argc > 1000000) {
12:     int (* volatile tp)(void)=(int (*)(void))&t;
13:     printf("%d", (*tp)());
14:   }
15: 
16:   return !!argv[argc];
17: }
18: int t(void) { void ((*volatile p)()); p = (void ((*)()))PQresultMemorySize; return !p; }
/* end */

--------------------

have_func: checking for PQenterPipelineMode() in libpq-fe.h... -------------------- yes

PATH=".;C:/Ruby33-x64/lib;C:\Ruby33-x64\bin;C:\Ruby33-x64\msys64\ucrt64\bin;C:\Ruby33-x64\msys64\usr\bin;C:\Users\trust\AppData\Local\Programs\Python\Python312\Scripts\;C:\Users\trust\AppData\Local\Programs\Python\Python312\;C:\Program Files\dotnet\;C:\Program Files\Git\cmd;C:\Program Files\NVIDIA Corporation\NVIDIA NvDLISR;C:\Program Files\nodejs\;C:\ProgramData\chocolatey\bin;C:\Ruby33-x64\bin;C:\Ruby32-x64\bin;C:\Users\trust\AppData\Local\Programs\Python\Python311\;C:\Users\trust\AppData\Local\Programs\Python\Python311\Scripts\;C:\Users\trust\AppData\Local\Programs\Python\Python310\Scripts\;C:\Users\trust\AppData\Local\Programs\Python\Python310\;C:\Windows\System32;C:\Users\trust\AppData\Local\Programs\Python\Python312;C:\Users\trust\AppData\Local\Programs\Python\Launcher\;C:\Users\trust\AppData\Local\Microsoft\WindowsApps;C:\Users\trust\AppData\Local\Programs\Microsoft VS Code\bin;C:\Program Files\JetBrains\RubyMine 2024.1.1\bin;;C:\Users\trust\AppData\Local\Google\Cloud SDK\google-cloud-sdk\bin;C:\Users\trust\AppData\Roaming\npm" "gcc -o conftest.exe -IC:/Ruby33-x64/include/ruby-3.3.0/x64-mingw-ucrt -IC:/Ruby33-x64/include/ruby-3.3.0/ruby/backward -IC:/Ruby33-x64/include/ruby-3.3.0 -I. -IC:/RUBY33~1/msys64/ucrt64/include -D__USE_MINGW_ANSI_STDIO=1 -DFD_SETSIZE=2048 -D_WIN32_WINNT=0x0600 -D__MINGW_USE_VC2005_COMPAT -D_FILE_OFFSET_BITS=64  -O3 -fno-fast-math -fstack-protector-strong conftest.c  -L. -LC:/Ruby33-x64/lib -LC:/RUBY33~1/msys64/ucrt64/lib -L. -pipe -s -fstack-protector-strong -Wl,--no-as-needed -Wl,-rpath,C:/RUBY33~1/msys64/ucrt64/bin    -lpq  -lx64-ucrt-ruby330 -lpq  -lshell32 -lws2_32 -liphlpapi -limagehlp -lshlwapi -lbcrypt  "
checked program was:
/* begin */
 1: #include "ruby.h"
 2: 
 3: #include <winsock2.h>
 4: #include <windows.h>
 5: #include <libpq-fe.h>
 6: 
 7: /*top*/
 8: extern int t(void);
 9: int main(int argc, char **argv)
10: {
11:   if (argc > 1000000) {
12:     int (* volatile tp)(void)=(int (*)(void))&t;
13:     printf("%d", (*tp)());
14:   }
15: 
16:   return !!argv[argc];
17: }
18: int t(void) { void ((*volatile p)()); p = (void ((*)()))PQenterPipelineMode; return !p; }
19:  int con(){ return PGRES_PIPELINE_SYNC; }
/* end */

--------------------

have_func: checking for timegm()... -------------------- no

PATH=".;C:/Ruby33-x64/lib;C:\Ruby33-x64\bin;C:\Ruby33-x64\msys64\ucrt64\bin;C:\Ruby33-x64\msys64\usr\bin;C:\Users\trust\AppData\Local\Programs\Python\Python312\Scripts\;C:\Users\trust\AppData\Local\Programs\Python\Python312\;C:\Program Files\dotnet\;C:\Program Files\Git\cmd;C:\Program Files\NVIDIA Corporation\NVIDIA NvDLISR;C:\Program Files\nodejs\;C:\ProgramData\chocolatey\bin;C:\Ruby33-x64\bin;C:\Ruby32-x64\bin;C:\Users\trust\AppData\Local\Programs\Python\Python311\;C:\Users\trust\AppData\Local\Programs\Python\Python311\Scripts\;C:\Users\trust\AppData\Local\Programs\Python\Python310\Scripts\;C:\Users\trust\AppData\Local\Programs\Python\Python310\;C:\Windows\System32;C:\Users\trust\AppData\Local\Programs\Python\Python312;C:\Users\trust\AppData\Local\Programs\Python\Launcher\;C:\Users\trust\AppData\Local\Microsoft\WindowsApps;C:\Users\trust\AppData\Local\Programs\Microsoft VS Code\bin;C:\Program Files\JetBrains\RubyMine 2024.1.1\bin;;C:\Users\trust\AppData\Local\Google\Cloud SDK\google-cloud-sdk\bin;C:\Users\trust\AppData\Roaming\npm" "gcc -o conftest.exe -IC:/Ruby33-x64/include/ruby-3.3.0/x64-mingw-ucrt -IC:/Ruby33-x64/include/ruby-3.3.0/ruby/backward -IC:/Ruby33-x64/include/ruby-3.3.0 -I. -IC:/RUBY33~1/msys64/ucrt64/include -D__USE_MINGW_ANSI_STDIO=1 -DFD_SETSIZE=2048 -D_WIN32_WINNT=0x0600 -D__MINGW_USE_VC2005_COMPAT -D_FILE_OFFSET_BITS=64  -O3 -fno-fast-math -fstack-protector-strong conftest.c  -L. -LC:/Ruby33-x64/lib -LC:/RUBY33~1/msys64/ucrt64/lib -L. -pipe -s -fstack-protector-strong -Wl,--no-as-needed -Wl,-rpath,C:/RUBY33~1/msys64/ucrt64/bin    -lpq  -lx64-ucrt-ruby330 -lpq  -lshell32 -lws2_32 -liphlpapi -limagehlp -lshlwapi -lbcrypt  "
conftest.c: In function 't':
conftest.c:17:57: error: 'timegm' undeclared (first use in this function); did you mean 'time'?
   17 | int t(void) { void ((*volatile p)()); p = (void ((*)()))timegm; return !p; }
      |                                                         ^~~~~~
      |                                                         time
conftest.c:17:57: note: each undeclared identifier is reported only once for each function it appears in
checked program was:
/* begin */
 1: #include "ruby.h"
 2: 
 3: #include <winsock2.h>
 4: #include <windows.h>
 5: 
 6: /*top*/
 7: extern int t(void);
 8: int main(int argc, char **argv)
 9: {
10:   if (argc > 1000000) {
11:     int (* volatile tp)(void)=(int (*)(void))&t;
12:     printf("%d", (*tp)());
13:   }
14: 
15:   return !!argv[argc];
16: }
17: int t(void) { void ((*volatile p)()); p = (void ((*)()))timegm; return !p; }
/* end */

PATH=".;C:/Ruby33-x64/lib;C:\Ruby33-x64\bin;C:\Ruby33-x64\msys64\ucrt64\bin;C:\Ruby33-x64\msys64\usr\bin;C:\Users\trust\AppData\Local\Programs\Python\Python312\Scripts\;C:\Users\trust\AppData\Local\Programs\Python\Python312\;C:\Program Files\dotnet\;C:\Program Files\Git\cmd;C:\Program Files\NVIDIA Corporation\NVIDIA NvDLISR;C:\Program Files\nodejs\;C:\ProgramData\chocolatey\bin;C:\Ruby33-x64\bin;C:\Ruby32-x64\bin;C:\Users\trust\AppData\Local\Programs\Python\Python311\;C:\Users\trust\AppData\Local\Programs\Python\Python311\Scripts\;C:\Users\trust\AppData\Local\Programs\Python\Python310\Scripts\;C:\Users\trust\AppData\Local\Programs\Python\Python310\;C:\Windows\System32;C:\Users\trust\AppData\Local\Programs\Python\Python312;C:\Users\trust\AppData\Local\Programs\Python\Launcher\;C:\Users\trust\AppData\Local\Microsoft\WindowsApps;C:\Users\trust\AppData\Local\Programs\Microsoft VS Code\bin;C:\Program Files\JetBrains\RubyMine 2024.1.1\bin;;C:\Users\trust\AppData\Local\Google\Cloud SDK\google-cloud-sdk\bin;C:\Users\trust\AppData\Roaming\npm" "gcc -o conftest.exe -IC:/Ruby33-x64/include/ruby-3.3.0/x64-mingw-ucrt -IC:/Ruby33-x64/include/ruby-3.3.0/ruby/backward -IC:/Ruby33-x64/include/ruby-3.3.0 -I. -IC:/RUBY33~1/msys64/ucrt64/include -D__USE_MINGW_ANSI_STDIO=1 -DFD_SETSIZE=2048 -D_WIN32_WINNT=0x0600 -D__MINGW_USE_VC2005_COMPAT -D_FILE_OFFSET_BITS=64  -O3 -fno-fast-math -fstack-protector-strong conftest.c  -L. -LC:/Ruby33-x64/lib -LC:/RUBY33~1/msys64/ucrt64/lib -L. -pipe -s -fstack-protector-strong -Wl,--no-as-needed -Wl,-rpath,C:/RUBY33~1/msys64/ucrt64/bin    -lpq  -lx64-ucrt-ruby330 -lpq  -lshell32 -lws2_32 -liphlpapi -limagehlp -lshlwapi -lbcrypt  "
C:/Ruby33-x64/msys64/ucrt64/bin/../lib/gcc/x86_64-w64-mingw32/13.2.0/../../../../x86_64-w64-mingw32/bin/ld.exe: C:\Users\trust\AppData\Local\Temp\ccI1LUyv.o:conftest.c:(.text+0x5): undefined reference to `timegm'
collect2.exe: error: ld returned 1 exit status
checked program was:
/* begin */
 1: #include "ruby.h"
 2: 
 3: #include <winsock2.h>
 4: #include <windows.h>
 5: 
 6: /*top*/
 7: extern int t(void);
 8: int main(int argc, char **argv)
 9: {
10:   if (argc > 1000000) {
11:     int (* volatile tp)(void)=(int (*)(void))&t;
12:     printf("%d", (*tp)());
13:   }
14: 
15:   return !!argv[argc];
16: }
17: extern void timegm();
18: int t(void) { timegm(); return 0; }
/* end */

--------------------

have_func: checking for rb_gc_adjust_memory_usage()... -------------------- yes

PATH=".;C:/Ruby33-x64/lib;C:\Ruby33-x64\bin;C:\Ruby33-x64\msys64\ucrt64\bin;C:\Ruby33-x64\msys64\usr\bin;C:\Users\trust\AppData\Local\Programs\Python\Python312\Scripts\;C:\Users\trust\AppData\Local\Programs\Python\Python312\;C:\Program Files\dotnet\;C:\Program Files\Git\cmd;C:\Program Files\NVIDIA Corporation\NVIDIA NvDLISR;C:\Program Files\nodejs\;C:\ProgramData\chocolatey\bin;C:\Ruby33-x64\bin;C:\Ruby32-x64\bin;C:\Users\trust\AppData\Local\Programs\Python\Python311\;C:\Users\trust\AppData\Local\Programs\Python\Python311\Scripts\;C:\Users\trust\AppData\Local\Programs\Python\Python310\Scripts\;C:\Users\trust\AppData\Local\Programs\Python\Python310\;C:\Windows\System32;C:\Users\trust\AppData\Local\Programs\Python\Python312;C:\Users\trust\AppData\Local\Programs\Python\Launcher\;C:\Users\trust\AppData\Local\Microsoft\WindowsApps;C:\Users\trust\AppData\Local\Programs\Microsoft VS Code\bin;C:\Program Files\JetBrains\RubyMine 2024.1.1\bin;;C:\Users\trust\AppData\Local\Google\Cloud SDK\google-cloud-sdk\bin;C:\Users\trust\AppData\Roaming\npm" "gcc -o conftest.exe -IC:/Ruby33-x64/include/ruby-3.3.0/x64-mingw-ucrt -IC:/Ruby33-x64/include/ruby-3.3.0/ruby/backward -IC:/Ruby33-x64/include/ruby-3.3.0 -I. -IC:/RUBY33~1/msys64/ucrt64/include -D__USE_MINGW_ANSI_STDIO=1 -DFD_SETSIZE=2048 -D_WIN32_WINNT=0x0600 -D__MINGW_USE_VC2005_COMPAT -D_FILE_OFFSET_BITS=64  -O3 -fno-fast-math -fstack-protector-strong conftest.c  -L. -LC:/Ruby33-x64/lib -LC:/RUBY33~1/msys64/ucrt64/lib -L. -pipe -s -fstack-protector-strong -Wl,--no-as-needed -Wl,-rpath,C:/RUBY33~1/msys64/ucrt64/bin    -lpq  -lx64-ucrt-ruby330 -lpq  -lshell32 -lws2_32 -liphlpapi -limagehlp -lshlwapi -lbcrypt  "
checked program was:
/* begin */
 1: #include "ruby.h"
 2: 
 3: #include <winsock2.h>
 4: #include <windows.h>
 5: 
 6: /*top*/
 7: extern int t(void);
 8: int main(int argc, char **argv)
 9: {
10:   if (argc > 1000000) {
11:     int (* volatile tp)(void)=(int (*)(void))&t;
12:     printf("%d", (*tp)());
13:   }
14: 
15:   return !!argv[argc];
16: }
17: int t(void) { void ((*volatile p)()); p = (void ((*)()))rb_gc_adjust_memory_usage; return !p; }
/* end */

--------------------

have_func: checking for rb_gc_mark_movable()... -------------------- yes

PATH=".;C:/Ruby33-x64/lib;C:\Ruby33-x64\bin;C:\Ruby33-x64\msys64\ucrt64\bin;C:\Ruby33-x64\msys64\usr\bin;C:\Users\trust\AppData\Local\Programs\Python\Python312\Scripts\;C:\Users\trust\AppData\Local\Programs\Python\Python312\;C:\Program Files\dotnet\;C:\Program Files\Git\cmd;C:\Program Files\NVIDIA Corporation\NVIDIA NvDLISR;C:\Program Files\nodejs\;C:\ProgramData\chocolatey\bin;C:\Ruby33-x64\bin;C:\Ruby32-x64\bin;C:\Users\trust\AppData\Local\Programs\Python\Python311\;C:\Users\trust\AppData\Local\Programs\Python\Python311\Scripts\;C:\Users\trust\AppData\Local\Programs\Python\Python310\Scripts\;C:\Users\trust\AppData\Local\Programs\Python\Python310\;C:\Windows\System32;C:\Users\trust\AppData\Local\Programs\Python\Python312;C:\Users\trust\AppData\Local\Programs\Python\Launcher\;C:\Users\trust\AppData\Local\Microsoft\WindowsApps;C:\Users\trust\AppData\Local\Programs\Microsoft VS Code\bin;C:\Program Files\JetBrains\RubyMine 2024.1.1\bin;;C:\Users\trust\AppData\Local\Google\Cloud SDK\google-cloud-sdk\bin;C:\Users\trust\AppData\Roaming\npm" "gcc -o conftest.exe -IC:/Ruby33-x64/include/ruby-3.3.0/x64-mingw-ucrt -IC:/Ruby33-x64/include/ruby-3.3.0/ruby/backward -IC:/Ruby33-x64/include/ruby-3.3.0 -I. -IC:/RUBY33~1/msys64/ucrt64/include -D__USE_MINGW_ANSI_STDIO=1 -DFD_SETSIZE=2048 -D_WIN32_WINNT=0x0600 -D__MINGW_USE_VC2005_COMPAT -D_FILE_OFFSET_BITS=64  -O3 -fno-fast-math -fstack-protector-strong conftest.c  -L. -LC:/Ruby33-x64/lib -LC:/RUBY33~1/msys64/ucrt64/lib -L. -pipe -s -fstack-protector-strong -Wl,--no-as-needed -Wl,-rpath,C:/RUBY33~1/msys64/ucrt64/bin    -lpq  -lx64-ucrt-ruby330 -lpq  -lshell32 -lws2_32 -liphlpapi -limagehlp -lshlwapi -lbcrypt  "
checked program was:
/* begin */
 1: #include "ruby.h"
 2: 
 3: #include <winsock2.h>
 4: #include <windows.h>
 5: 
 6: /*top*/
 7: extern int t(void);
 8: int main(int argc, char **argv)
 9: {
10:   if (argc > 1000000) {
11:     int (* volatile tp)(void)=(int (*)(void))&t;
12:     printf("%d", (*tp)());
13:   }
14: 
15:   return !!argv[argc];
16: }
17: int t(void) { void ((*volatile p)()); p = (void ((*)()))rb_gc_mark_movable; return !p; }
/* end */

--------------------

have_func: checking for rb_io_wait()... -------------------- yes

PATH=".;C:/Ruby33-x64/lib;C:\Ruby33-x64\bin;C:\Ruby33-x64\msys64\ucrt64\bin;C:\Ruby33-x64\msys64\usr\bin;C:\Users\trust\AppData\Local\Programs\Python\Python312\Scripts\;C:\Users\trust\AppData\Local\Programs\Python\Python312\;C:\Program Files\dotnet\;C:\Program Files\Git\cmd;C:\Program Files\NVIDIA Corporation\NVIDIA NvDLISR;C:\Program Files\nodejs\;C:\ProgramData\chocolatey\bin;C:\Ruby33-x64\bin;C:\Ruby32-x64\bin;C:\Users\trust\AppData\Local\Programs\Python\Python311\;C:\Users\trust\AppData\Local\Programs\Python\Python311\Scripts\;C:\Users\trust\AppData\Local\Programs\Python\Python310\Scripts\;C:\Users\trust\AppData\Local\Programs\Python\Python310\;C:\Windows\System32;C:\Users\trust\AppData\Local\Programs\Python\Python312;C:\Users\trust\AppData\Local\Programs\Python\Launcher\;C:\Users\trust\AppData\Local\Microsoft\WindowsApps;C:\Users\trust\AppData\Local\Programs\Microsoft VS Code\bin;C:\Program Files\JetBrains\RubyMine 2024.1.1\bin;;C:\Users\trust\AppData\Local\Google\Cloud SDK\google-cloud-sdk\bin;C:\Users\trust\AppData\Roaming\npm" "gcc -o conftest.exe -IC:/Ruby33-x64/include/ruby-3.3.0/x64-mingw-ucrt -IC:/Ruby33-x64/include/ruby-3.3.0/ruby/backward -IC:/Ruby33-x64/include/ruby-3.3.0 -I. -IC:/RUBY33~1/msys64/ucrt64/include -D__USE_MINGW_ANSI_STDIO=1 -DFD_SETSIZE=2048 -D_WIN32_WINNT=0x0600 -D__MINGW_USE_VC2005_COMPAT -D_FILE_OFFSET_BITS=64  -O3 -fno-fast-math -fstack-protector-strong conftest.c  -L. -LC:/Ruby33-x64/lib -LC:/RUBY33~1/msys64/ucrt64/lib -L. -pipe -s -fstack-protector-strong -Wl,--no-as-needed -Wl,-rpath,C:/RUBY33~1/msys64/ucrt64/bin    -lpq  -lx64-ucrt-ruby330 -lpq  -lshell32 -lws2_32 -liphlpapi -limagehlp -lshlwapi -lbcrypt  "
conftest.c: In function 't':
conftest.c:17:57: error: 'rb_io_wait' undeclared (first use in this function); did you mean 'rb_io_write'?
   17 | int t(void) { void ((*volatile p)()); p = (void ((*)()))rb_io_wait; return !p; }
      |                                                         ^~~~~~~~~~
      |                                                         rb_io_write
conftest.c:17:57: note: each undeclared identifier is reported only once for each function it appears in
checked program was:
/* begin */
 1: #include "ruby.h"
 2: 
 3: #include <winsock2.h>
 4: #include <windows.h>
 5: 
 6: /*top*/
 7: extern int t(void);
 8: int main(int argc, char **argv)
 9: {
10:   if (argc > 1000000) {
11:     int (* volatile tp)(void)=(int (*)(void))&t;
12:     printf("%d", (*tp)());
13:   }
14: 
15:   return !!argv[argc];
16: }
17: int t(void) { void ((*volatile p)()); p = (void ((*)()))rb_io_wait; return !p; }
/* end */

PATH=".;C:/Ruby33-x64/lib;C:\Ruby33-x64\bin;C:\Ruby33-x64\msys64\ucrt64\bin;C:\Ruby33-x64\msys64\usr\bin;C:\Users\trust\AppData\Local\Programs\Python\Python312\Scripts\;C:\Users\trust\AppData\Local\Programs\Python\Python312\;C:\Program Files\dotnet\;C:\Program Files\Git\cmd;C:\Program Files\NVIDIA Corporation\NVIDIA NvDLISR;C:\Program Files\nodejs\;C:\ProgramData\chocolatey\bin;C:\Ruby33-x64\bin;C:\Ruby32-x64\bin;C:\Users\trust\AppData\Local\Programs\Python\Python311\;C:\Users\trust\AppData\Local\Programs\Python\Python311\Scripts\;C:\Users\trust\AppData\Local\Programs\Python\Python310\Scripts\;C:\Users\trust\AppData\Local\Programs\Python\Python310\;C:\Windows\System32;C:\Users\trust\AppData\Local\Programs\Python\Python312;C:\Users\trust\AppData\Local\Programs\Python\Launcher\;C:\Users\trust\AppData\Local\Microsoft\WindowsApps;C:\Users\trust\AppData\Local\Programs\Microsoft VS Code\bin;C:\Program Files\JetBrains\RubyMine 2024.1.1\bin;;C:\Users\trust\AppData\Local\Google\Cloud SDK\google-cloud-sdk\bin;C:\Users\trust\AppData\Roaming\npm" "gcc -o conftest.exe -IC:/Ruby33-x64/include/ruby-3.3.0/x64-mingw-ucrt -IC:/Ruby33-x64/include/ruby-3.3.0/ruby/backward -IC:/Ruby33-x64/include/ruby-3.3.0 -I. -IC:/RUBY33~1/msys64/ucrt64/include -D__USE_MINGW_ANSI_STDIO=1 -DFD_SETSIZE=2048 -D_WIN32_WINNT=0x0600 -D__MINGW_USE_VC2005_COMPAT -D_FILE_OFFSET_BITS=64  -O3 -fno-fast-math -fstack-protector-strong conftest.c  -L. -LC:/Ruby33-x64/lib -LC:/RUBY33~1/msys64/ucrt64/lib -L. -pipe -s -fstack-protector-strong -Wl,--no-as-needed -Wl,-rpath,C:/RUBY33~1/msys64/ucrt64/bin    -lpq  -lx64-ucrt-ruby330 -lpq  -lshell32 -lws2_32 -liphlpapi -limagehlp -lshlwapi -lbcrypt  "
checked program was:
/* begin */
 1: #include "ruby.h"
 2: 
 3: #include <winsock2.h>
 4: #include <windows.h>
 5: 
 6: /*top*/
 7: extern int t(void);
 8: int main(int argc, char **argv)
 9: {
10:   if (argc > 1000000) {
11:     int (* volatile tp)(void)=(int (*)(void))&t;
12:     printf("%d", (*tp)());
13:   }
14: 
15:   return !!argv[argc];
16: }
17: extern void rb_io_wait();
18: int t(void) { rb_io_wait(); return 0; }
/* end */

--------------------

have_header: checking for unistd.h... -------------------- yes

PATH=".;C:/Ruby33-x64/lib;C:\Ruby33-x64\bin;C:\Ruby33-x64\msys64\ucrt64\bin;C:\Ruby33-x64\msys64\usr\bin;C:\Users\trust\AppData\Local\Programs\Python\Python312\Scripts\;C:\Users\trust\AppData\Local\Programs\Python\Python312\;C:\Program Files\dotnet\;C:\Program Files\Git\cmd;C:\Program Files\NVIDIA Corporation\NVIDIA NvDLISR;C:\Program Files\nodejs\;C:\ProgramData\chocolatey\bin;C:\Ruby33-x64\bin;C:\Ruby32-x64\bin;C:\Users\trust\AppData\Local\Programs\Python\Python311\;C:\Users\trust\AppData\Local\Programs\Python\Python311\Scripts\;C:\Users\trust\AppData\Local\Programs\Python\Python310\Scripts\;C:\Users\trust\AppData\Local\Programs\Python\Python310\;C:\Windows\System32;C:\Users\trust\AppData\Local\Programs\Python\Python312;C:\Users\trust\AppData\Local\Programs\Python\Launcher\;C:\Users\trust\AppData\Local\Microsoft\WindowsApps;C:\Users\trust\AppData\Local\Programs\Microsoft VS Code\bin;C:\Program Files\JetBrains\RubyMine 2024.1.1\bin;;C:\Users\trust\AppData\Local\Google\Cloud SDK\google-cloud-sdk\bin;C:\Users\trust\AppData\Roaming\npm" "gcc -IC:/Ruby33-x64/include/ruby-3.3.0/x64-mingw-ucrt -IC:/Ruby33-x64/include/ruby-3.3.0/ruby/backward -IC:/Ruby33-x64/include/ruby-3.3.0 -I. -IC:/RUBY33~1/msys64/ucrt64/include -D__USE_MINGW_ANSI_STDIO=1 -DFD_SETSIZE=2048 -D_WIN32_WINNT=0x0600 -D__MINGW_USE_VC2005_COMPAT -D_FILE_OFFSET_BITS=64  -O3 -fno-fast-math -fstack-protector-strong   -c conftest.c"
checked program was:
/* begin */
1: #include "ruby.h"
2: 
3: #include <winsock2.h>
4: #include <windows.h>
5: #include <unistd.h>
/* end */

--------------------

have_header: checking for inttypes.h... -------------------- yes

PATH=".;C:/Ruby33-x64/lib;C:\Ruby33-x64\bin;C:\Ruby33-x64\msys64\ucrt64\bin;C:\Ruby33-x64\msys64\usr\bin;C:\Users\trust\AppData\Local\Programs\Python\Python312\Scripts\;C:\Users\trust\AppData\Local\Programs\Python\Python312\;C:\Program Files\dotnet\;C:\Program Files\Git\cmd;C:\Program Files\NVIDIA Corporation\NVIDIA NvDLISR;C:\Program Files\nodejs\;C:\ProgramData\chocolatey\bin;C:\Ruby33-x64\bin;C:\Ruby32-x64\bin;C:\Users\trust\AppData\Local\Programs\Python\Python311\;C:\Users\trust\AppData\Local\Programs\Python\Python311\Scripts\;C:\Users\trust\AppData\Local\Programs\Python\Python310\Scripts\;C:\Users\trust\AppData\Local\Programs\Python\Python310\;C:\Windows\System32;C:\Users\trust\AppData\Local\Programs\Python\Python312;C:\Users\trust\AppData\Local\Programs\Python\Launcher\;C:\Users\trust\AppData\Local\Microsoft\WindowsApps;C:\Users\trust\AppData\Local\Programs\Microsoft VS Code\bin;C:\Program Files\JetBrains\RubyMine 2024.1.1\bin;;C:\Users\trust\AppData\Local\Google\Cloud SDK\google-cloud-sdk\bin;C:\Users\trust\AppData\Roaming\npm" "gcc -IC:/Ruby33-x64/include/ruby-3.3.0/x64-mingw-ucrt -IC:/Ruby33-x64/include/ruby-3.3.0/ruby/backward -IC:/Ruby33-x64/include/ruby-3.3.0 -I. -IC:/RUBY33~1/msys64/ucrt64/include -D__USE_MINGW_ANSI_STDIO=1 -DFD_SETSIZE=2048 -D_WIN32_WINNT=0x0600 -D__MINGW_USE_VC2005_COMPAT -D_FILE_OFFSET_BITS=64  -O3 -fno-fast-math -fstack-protector-strong   -c conftest.c"
checked program was:
/* begin */
1: #include "ruby.h"
2: 
3: #include <winsock2.h>
4: #include <windows.h>
5: #include <inttypes.h>
/* end */

--------------------

have_header: checking for ruby/fiber/scheduler.h... -------------------- yes

PATH=".;C:/Ruby33-x64/lib;C:\Ruby33-x64\bin;C:\Ruby33-x64\msys64\ucrt64\bin;C:\Ruby33-x64\msys64\usr\bin;C:\Users\trust\AppData\Local\Programs\Python\Python312\Scripts\;C:\Users\trust\AppData\Local\Programs\Python\Python312\;C:\Program Files\dotnet\;C:\Program Files\Git\cmd;C:\Program Files\NVIDIA Corporation\NVIDIA NvDLISR;C:\Program Files\nodejs\;C:\ProgramData\chocolatey\bin;C:\Ruby33-x64\bin;C:\Ruby32-x64\bin;C:\Users\trust\AppData\Local\Programs\Python\Python311\;C:\Users\trust\AppData\Local\Programs\Python\Python311\Scripts\;C:\Users\trust\AppData\Local\Programs\Python\Python310\Scripts\;C:\Users\trust\AppData\Local\Programs\Python\Python310\;C:\Windows\System32;C:\Users\trust\AppData\Local\Programs\Python\Python312;C:\Users\trust\AppData\Local\Programs\Python\Launcher\;C:\Users\trust\AppData\Local\Microsoft\WindowsApps;C:\Users\trust\AppData\Local\Programs\Microsoft VS Code\bin;C:\Program Files\JetBrains\RubyMine 2024.1.1\bin;;C:\Users\trust\AppData\Local\Google\Cloud SDK\google-cloud-sdk\bin;C:\Users\trust\AppData\Roaming\npm" "gcc -IC:/Ruby33-x64/include/ruby-3.3.0/x64-mingw-ucrt -IC:/Ruby33-x64/include/ruby-3.3.0/ruby/backward -IC:/Ruby33-x64/include/ruby-3.3.0 -I. -IC:/RUBY33~1/msys64/ucrt64/include -D__USE_MINGW_ANSI_STDIO=1 -DFD_SETSIZE=2048 -D_WIN32_WINNT=0x0600 -D__MINGW_USE_VC2005_COMPAT -D_FILE_OFFSET_BITS=64  -O3 -fno-fast-math -fstack-protector-strong   -c conftest.c"
checked program was:
/* begin */
1: #include "ruby.h"
2: 
3: #include <winsock2.h>
4: #include <windows.h>
5: #include <ruby/fiber/scheduler.h>
/* end */

--------------------

checking for C99 variable length arrays... -------------------- yes

PATH=".;C:/Ruby33-x64/lib;C:\Ruby33-x64\bin;C:\Ruby33-x64\msys64\ucrt64\bin;C:\Ruby33-x64\msys64\usr\bin;C:\Users\trust\AppData\Local\Programs\Python\Python312\Scripts\;C:\Users\trust\AppData\Local\Programs\Python\Python312\;C:\Program Files\dotnet\;C:\Program Files\Git\cmd;C:\Program Files\NVIDIA Corporation\NVIDIA NvDLISR;C:\Program Files\nodejs\;C:\ProgramData\chocolatey\bin;C:\Ruby33-x64\bin;C:\Ruby32-x64\bin;C:\Users\trust\AppData\Local\Programs\Python\Python311\;C:\Users\trust\AppData\Local\Programs\Python\Python311\Scripts\;C:\Users\trust\AppData\Local\Programs\Python\Python310\Scripts\;C:\Users\trust\AppData\Local\Programs\Python\Python310\;C:\Windows\System32;C:\Users\trust\AppData\Local\Programs\Python\Python312;C:\Users\trust\AppData\Local\Programs\Python\Launcher\;C:\Users\trust\AppData\Local\Microsoft\WindowsApps;C:\Users\trust\AppData\Local\Programs\Microsoft VS Code\bin;C:\Program Files\JetBrains\RubyMine 2024.1.1\bin;;C:\Users\trust\AppData\Local\Google\Cloud SDK\google-cloud-sdk\bin;C:\Users\trust\AppData\Roaming\npm" "gcc -IC:/Ruby33-x64/include/ruby-3.3.0/x64-mingw-ucrt -IC:/Ruby33-x64/include/ruby-3.3.0/ruby/backward -IC:/Ruby33-x64/include/ruby-3.3.0 -I. -IC:/RUBY33~1/msys64/ucrt64/include -D__USE_MINGW_ANSI_STDIO=1 -DFD_SETSIZE=2048 -D_WIN32_WINNT=0x0600 -D__MINGW_USE_VC2005_COMPAT -D_FILE_OFFSET_BITS=64  -O3 -fno-fast-math -fstack-protector-strong   -c conftest.c"
checked program was:
/* begin */
1: #include "ruby.h"
2: 
3: #include <winsock2.h>
4: #include <windows.h>
5: void test_vla(int l){ int vla[l]; }
/* end */

--------------------

extconf.h is:
/* begin */
 1: #ifndef EXTCONF_H
 2: #define EXTCONF_H
 3: #define ENABLE_GVL_UNLOCK 1
 4: #define HAVE_PQCONNINFO 1
 5: #define HAVE_PQSSLATTRIBUTE 1
 6: #define HAVE_PQRESULTVERBOSEERRORMESSAGE 1
 7: #define HAVE_PQENCRYPTPASSWORDCONN 1
 8: #define HAVE_PQRESULTMEMORYSIZE 1
 9: #define HAVE_PQENTERPIPELINEMODE 1
10: #define HAVE_RB_GC_ADJUST_MEMORY_USAGE 1
11: #define HAVE_RB_GC_MARK_MOVABLE 1
12: #define HAVE_RB_IO_WAIT 1
13: #define HAVE_UNISTD_H 1
14: #define HAVE_INTTYPES_H 1
15: #define HAVE_RUBY_FIBER_SCHEDULER_H 1
16: #define HAVE_VARIABLE_LENGTH_ARRAYS 1
17: #endif
/* end */

